<?xml version="1.0" encoding="UTF-8" ?>
<testsuite tests="6" failures="0" name="com.niit.Test.BlogTest" time="5.382" errors="0" skipped="5">
  <properties>
[...]
</properties>
  <testcase classname="com.niit.Test.BlogTest" name="addBlogTest" time="4.08">
    <skipped/>
    <system-out>DataBase is connected.........!
Session is created................!
User DAO object Created
Forum DAO object Created
Blog DAO object Created
Job DAO object Created
Friend DAO object Created
Session is created................!
ProfilePicture DAO object Created
Transaction is created............!
Blog DAO object Created
User DAO object Created
Forum DAO object Created
Friend DAO object Created
Job DAO object Created
ProfilePicture DAO object Created
Transaction is created............!
</system-out>
    <system-err>Jan 02, 2018 4:21:42 PM org.springframework.context.annotation.AnnotationConfigApplicationContext prepareRefresh
INFO: Refreshing org.springframework.context.annotation.AnnotationConfigApplicationContext@3c5a99da: startup date [Tue Jan 02 16:21:42 IST 2018]; root of context hierarchy
Jan 02, 2018 4:21:42 PM org.springframework.beans.factory.support.DefaultListableBeanFactory registerBeanDefinition
INFO: Overriding bean definition for bean &apos;blogDAO&apos; with a different definition: replacing [Generic bean: class [com.niit.DAO.BlogDAOImpl]; scope=singleton; abstract=false; lazyInit=false; autowireMode=0; dependencyCheck=0; autowireCandidate=true; primary=false; factoryBeanName=null; factoryMethodName=null; initMethodName=null; destroyMethodName=null; defined in file [F:\workspace\CollaborationBackend\target\classes\com\niit\DAO\BlogDAOImpl.class]] with [Root bean: class [null]; scope=; abstract=false; lazyInit=false; autowireMode=3; dependencyCheck=0; autowireCandidate=true; primary=false; factoryBeanName=dbConfig; factoryMethodName=getBlogDAO; initMethodName=null; destroyMethodName=(inferred); defined in com.niit.config.DbConfig]
Jan 02, 2018 4:21:42 PM org.springframework.beans.factory.support.DefaultListableBeanFactory registerBeanDefinition
INFO: Overriding bean definition for bean &apos;userDAO&apos; with a different definition: replacing [Generic bean: class [com.niit.DAO.UserDAOImpl]; scope=singleton; abstract=false; lazyInit=false; autowireMode=0; dependencyCheck=0; autowireCandidate=true; primary=false; factoryBeanName=null; factoryMethodName=null; initMethodName=null; destroyMethodName=null; defined in file [F:\workspace\CollaborationBackend\target\classes\com\niit\DAO\UserDAOImpl.class]] with [Root bean: class [null]; scope=; abstract=false; lazyInit=false; autowireMode=3; dependencyCheck=0; autowireCandidate=true; primary=false; factoryBeanName=dbConfig; factoryMethodName=getUserDAO; initMethodName=null; destroyMethodName=(inferred); defined in com.niit.config.DbConfig]
Jan 02, 2018 4:21:42 PM org.springframework.beans.factory.support.DefaultListableBeanFactory registerBeanDefinition
INFO: Overriding bean definition for bean &apos;jobDAO&apos; with a different definition: replacing [Generic bean: class [com.niit.DAO.JobDAOImpl]; scope=singleton; abstract=false; lazyInit=false; autowireMode=0; dependencyCheck=0; autowireCandidate=true; primary=false; factoryBeanName=null; factoryMethodName=null; initMethodName=null; destroyMethodName=null; defined in file [F:\workspace\CollaborationBackend\target\classes\com\niit\DAO\JobDAOImpl.class]] with [Root bean: class [null]; scope=; abstract=false; lazyInit=false; autowireMode=3; dependencyCheck=0; autowireCandidate=true; primary=false; factoryBeanName=dbConfig; factoryMethodName=getJobDAO; initMethodName=null; destroyMethodName=(inferred); defined in com.niit.config.DbConfig]
Jan 02, 2018 4:21:42 PM org.springframework.beans.factory.support.DefaultListableBeanFactory registerBeanDefinition
INFO: Overriding bean definition for bean &apos;friendDAO&apos; with a different definition: replacing [Generic bean: class [com.niit.DAO.FriendDAOImpl]; scope=singleton; abstract=false; lazyInit=false; autowireMode=0; dependencyCheck=0; autowireCandidate=true; primary=false; factoryBeanName=null; factoryMethodName=null; initMethodName=null; destroyMethodName=null; defined in file [F:\workspace\CollaborationBackend\target\classes\com\niit\DAO\FriendDAOImpl.class]] with [Root bean: class [null]; scope=; abstract=false; lazyInit=false; autowireMode=3; dependencyCheck=0; autowireCandidate=true; primary=false; factoryBeanName=dbConfig; factoryMethodName=getFriendDAO; initMethodName=null; destroyMethodName=(inferred); defined in com.niit.config.DbConfig]
Jan 02, 2018 4:21:42 PM org.springframework.beans.factory.support.DefaultListableBeanFactory registerBeanDefinition
INFO: Overriding bean definition for bean &apos;profilePictureDAO&apos; with a different definition: replacing [Generic bean: class [com.niit.DAO.ProfilePictureDAOImpl]; scope=singleton; abstract=false; lazyInit=false; autowireMode=0; dependencyCheck=0; autowireCandidate=true; primary=false; factoryBeanName=null; factoryMethodName=null; initMethodName=null; destroyMethodName=null; defined in file [F:\workspace\CollaborationBackend\target\classes\com\niit\DAO\ProfilePictureDAOImpl.class]] with [Root bean: class [null]; scope=; abstract=false; lazyInit=false; autowireMode=3; dependencyCheck=0; autowireCandidate=true; primary=false; factoryBeanName=dbConfig; factoryMethodName=getProfilePictureDAO; initMethodName=null; destroyMethodName=(inferred); defined in com.niit.config.DbConfig]
Jan 02, 2018 4:21:42 PM org.springframework.beans.factory.annotation.AutowiredAnnotationBeanPostProcessor &lt;init&gt;
INFO: JSR-330 &apos;javax.inject.Inject&apos; annotation found and supported for autowiring
Jan 02, 2018 4:21:42 PM org.springframework.jdbc.datasource.DriverManagerDataSource setDriverClassName
INFO: Loaded JDBC driver: oracle.jdbc.driver.OracleDriver
Jan 02, 2018 4:21:43 PM org.hibernate.Version logVersion
INFO: HHH000412: Hibernate Core {5.0.1.Final}
Jan 02, 2018 4:21:43 PM org.hibernate.cfg.Environment &lt;clinit&gt;
INFO: HHH000206: hibernate.properties not found
Jan 02, 2018 4:21:43 PM org.hibernate.cfg.Environment buildBytecodeProvider
INFO: HHH000021: Bytecode provider name : javassist
Jan 02, 2018 4:21:43 PM org.hibernate.annotations.common.reflection.java.JavaReflectionManager &lt;clinit&gt;
INFO: HCANN000001: Hibernate Commons Annotations {5.0.0.Final}
Jan 02, 2018 4:21:43 PM org.hibernate.dialect.Dialect &lt;init&gt;
INFO: HHH000400: Using dialect: org.hibernate.dialect.Oracle10gDialect
Jan 02, 2018 4:21:44 PM org.hibernate.tool.hbm2ddl.SchemaUpdate execute
INFO: HHH000228: Running hbm2ddl schema update
Jan 02, 2018 4:21:44 PM org.hibernate.dialect.Dialect &lt;init&gt;
INFO: HHH000400: Using dialect: org.hibernate.dialect.Oracle10gDialect
Jan 02, 2018 4:21:44 PM org.hibernate.tool.hbm2ddl.SchemaUpdate execute
INFO: HHH000228: Running hbm2ddl schema update
Jan 02, 2018 4:21:45 PM org.springframework.orm.hibernate5.HibernateTransactionManager afterPropertiesSet
INFO: Using DataSource [org.springframework.jdbc.datasource.DriverManagerDataSource@33065d67] of Hibernate SessionFactory for HibernateTransactionManager
Jan 02, 2018 4:21:45 PM org.springframework.orm.hibernate5.HibernateTransactionManager afterPropertiesSet
INFO: Using DataSource [org.springframework.jdbc.datasource.DriverManagerDataSource@33065d67] of Hibernate SessionFactory for HibernateTransactionManager
Jan 02, 2018 4:21:45 PM org.springframework.scheduling.concurrent.ThreadPoolTaskExecutor initialize
INFO: Initializing ExecutorService  &apos;clientInboundChannelExecutor&apos;
Jan 02, 2018 4:21:45 PM org.springframework.scheduling.concurrent.ThreadPoolTaskExecutor initialize
INFO: Initializing ExecutorService  &apos;clientOutboundChannelExecutor&apos;
Jan 02, 2018 4:21:45 PM org.springframework.scheduling.concurrent.ThreadPoolTaskScheduler initialize
INFO: Initializing ExecutorService  &apos;messageBrokerTaskScheduler&apos;
Jan 02, 2018 4:21:45 PM org.springframework.web.socket.server.support.WebSocketHandlerMapping registerHandler
INFO: Mapped URL path [/chat/**] onto handler of type [class org.springframework.web.socket.sockjs.support.SockJsHttpRequestHandler]
Jan 02, 2018 4:21:45 PM org.springframework.scheduling.concurrent.ThreadPoolTaskExecutor initialize
INFO: Initializing ExecutorService  &apos;brokerChannelExecutor&apos;
Jan 02, 2018 4:21:45 PM org.springframework.web.socket.messaging.WebSocketAnnotationMethodMessageHandler registerHandlerMethod
INFO: Mapped &quot;{[/chat],messageType=[MESSAGE]}&quot; onto public com.niit.model.OutputMessage com.niit.controller.ChatController.sendMessage(com.niit.model.Message)
Jan 02, 2018 4:21:45 PM org.springframework.context.support.DefaultLifecycleProcessor start
INFO: Starting beans in phase 2147483647
Jan 02, 2018 4:21:45 PM org.springframework.messaging.simp.broker.SimpleBrokerMessageHandler start
INFO: Starting...
Jan 02, 2018 4:21:45 PM org.springframework.messaging.simp.broker.SimpleBrokerMessageHandler publishBrokerAvailableEvent
INFO: BrokerAvailabilityEvent[available=true, SimpleBrokerMessageHandler [DefaultSubscriptionRegistry[cache[0 destination(s)], registry[0 sessions]]]]
Jan 02, 2018 4:21:45 PM org.springframework.messaging.simp.broker.SimpleBrokerMessageHandler start
INFO: Started.
</system-err>
  </testcase>
  <testcase classname="com.niit.Test.BlogTest" name="getAllBlogTest" time="0.257"/>
  <testcase classname="com.niit.Test.BlogTest" name="updateBlogTest" time="0.257">
    <skipped/>
  </testcase>
  <testcase classname="com.niit.Test.BlogTest" name="approveBlogTest" time="0.262">
    <skipped/>
  </testcase>
  <testcase classname="com.niit.Test.BlogTest" name="getBlogTest" time="0.263">
    <skipped/>
  </testcase>
  <testcase classname="com.niit.Test.BlogTest" name="deleteBlogTest" time="0.263">
    <skipped/>
  </testcase>
</testsuite>